<?xml version="1.0" encoding="UTF-8"?>
<!-- Generated by org.testng.reporters.JUnitReportReporter -->
<testsuite hostname="LAPTOP-8MHAELBN" failures="0" tests="1" name="com.actitime.testscript.CustomerModule" time="109.625" errors="0" timestamp="2023-06-02T20:28:52 IST" skipped="0">
  <testcase classname="com.actitime.testscript.CustomerModule" name="testCreateCustomer" time="109.625"/>
  <system-out>
    <![CDATA[Create Customer]]>
  </system-out>
</testsuite> <!-- com.actitime.testscript.CustomerModule -->
